----------------------------------------------------------------
Fri Oct 04 21:40:36 IST 2019:
Booting Derby version The Apache Software Foundation - Apache Derby - 10.14.2.0 - (1828579): instance a816c00e-016d-9789-8a7f-000001c74bc0 
on database directory memory:/Users/anurag/Work/management/testdb with class loader jdk.internal.loader.ClassLoaders$AppClassLoader@55054057 
Loaded from file:/Users/anurag/.m2/repository/org/apache/derby/derby/10.14.2.0/derby-10.14.2.0.jar
java.vendor=Oracle Corporation
java.runtime.version=12.0.2+10
user.dir=/Users/anurag/Work/management
os.name=Mac OS X
os.arch=x86_64
os.version=10.14.6
derby.system.home=null
Database Class Loader started - derby.database.classpath=''
----------------------------------------------------------------
Fri Oct 04 21:45:14 IST 2019:
Shutting down instance a816c00e-016d-9789-8a7f-000001c74bc0 on database directory memory:/Users/anurag/Work/management/testdb with class loader jdk.internal.loader.ClassLoaders$AppClassLoader@55054057 
----------------------------------------------------------------
Fri Oct 04 21:45:21 IST 2019:
Booting Derby version The Apache Software Foundation - Apache Derby - 10.14.2.0 - (1828579): instance 3988c0be-016d-9789-8a7f-000001c74bc0 
on database directory memory:/Users/anurag/Work/management/testdb with class loader jdk.internal.loader.ClassLoaders$AppClassLoader@55054057 
Loaded from file:/Users/anurag/.m2/repository/org/apache/derby/derby/10.14.2.0/derby-10.14.2.0.jar
java.vendor=Oracle Corporation
java.runtime.version=12.0.2+10
user.dir=/Users/anurag/Work/management
os.name=Mac OS X
os.arch=x86_64
os.version=10.14.6
derby.system.home=null
Database Class Loader started - derby.database.classpath=''
----------------------------------------------------------------
Fri Oct 04 21:46:51 IST 2019:
Shutting down instance 3988c0be-016d-9789-8a7f-000001c74bc0 on database directory memory:/Users/anurag/Work/management/testdb with class loader jdk.internal.loader.ClassLoaders$AppClassLoader@55054057 
----------------------------------------------------------------
Fri Oct 04 21:46:57 IST 2019:
Booting Derby version The Apache Software Foundation - Apache Derby - 10.14.2.0 - (1828579): instance 87cf416a-016d-9789-8a7f-000001c74bc0 
on database directory memory:/Users/anurag/Work/management/testdb with class loader jdk.internal.loader.ClassLoaders$AppClassLoader@55054057 
Loaded from file:/Users/anurag/.m2/repository/org/apache/derby/derby/10.14.2.0/derby-10.14.2.0.jar
java.vendor=Oracle Corporation
java.runtime.version=12.0.2+10
user.dir=/Users/anurag/Work/management
os.name=Mac OS X
os.arch=x86_64
os.version=10.14.6
derby.system.home=null
Database Class Loader started - derby.database.classpath=''
----------------------------------------------------------------
Fri Oct 04 21:47:09 IST 2019:
Shutting down instance 87cf416a-016d-9789-8a7f-000001c74bc0 on database directory memory:/Users/anurag/Work/management/testdb with class loader jdk.internal.loader.ClassLoaders$AppClassLoader@55054057 
----------------------------------------------------------------
Fri Oct 04 21:47:15 IST 2019:
Booting Derby version The Apache Software Foundation - Apache Derby - 10.14.2.0 - (1828579): instance f2f9c216-016d-9789-8a7f-000001c74bc0 
on database directory memory:/Users/anurag/Work/management/testdb with class loader jdk.internal.loader.ClassLoaders$AppClassLoader@55054057 
Loaded from file:/Users/anurag/.m2/repository/org/apache/derby/derby/10.14.2.0/derby-10.14.2.0.jar
java.vendor=Oracle Corporation
java.runtime.version=12.0.2+10
user.dir=/Users/anurag/Work/management
os.name=Mac OS X
os.arch=x86_64
os.version=10.14.6
derby.system.home=null
Database Class Loader started - derby.database.classpath=''
----------------------------------------------------------------
Fri Oct 04 21:47:30 IST 2019:
Shutting down instance f2f9c216-016d-9789-8a7f-000001c74bc0 on database directory memory:/Users/anurag/Work/management/testdb with class loader jdk.internal.loader.ClassLoaders$AppClassLoader@55054057 
----------------------------------------------------------------
Fri Oct 04 21:47:36 IST 2019:
Booting Derby version The Apache Software Foundation - Apache Derby - 10.14.2.0 - (1828579): instance 7b0842c2-016d-9789-8a7f-000001c74bc0 
on database directory memory:/Users/anurag/Work/management/testdb with class loader jdk.internal.loader.ClassLoaders$AppClassLoader@55054057 
Loaded from file:/Users/anurag/.m2/repository/org/apache/derby/derby/10.14.2.0/derby-10.14.2.0.jar
java.vendor=Oracle Corporation
java.runtime.version=12.0.2+10
user.dir=/Users/anurag/Work/management
os.name=Mac OS X
os.arch=x86_64
os.version=10.14.6
derby.system.home=null
Database Class Loader started - derby.database.classpath=''
----------------------------------------------------------------
Fri Oct 04 21:51:30 IST 2019:
Shutting down instance 7b0842c2-016d-9789-8a7f-000001c74bc0 on database directory memory:/Users/anurag/Work/management/testdb with class loader jdk.internal.loader.ClassLoaders$AppClassLoader@55054057 
----------------------------------------------------------------
Fri Oct 04 21:51:36 IST 2019:
Booting Derby version The Apache Software Foundation - Apache Derby - 10.14.2.0 - (1828579): instance 38990378-016d-9789-8a7f-000001c74bc0 
on database directory memory:/Users/anurag/Work/management/testdb with class loader jdk.internal.loader.ClassLoaders$AppClassLoader@55054057 
Loaded from file:/Users/anurag/.m2/repository/org/apache/derby/derby/10.14.2.0/derby-10.14.2.0.jar
java.vendor=Oracle Corporation
java.runtime.version=12.0.2+10
user.dir=/Users/anurag/Work/management
os.name=Mac OS X
os.arch=x86_64
os.version=10.14.6
derby.system.home=null
Database Class Loader started - derby.database.classpath=''
----------------------------------------------------------------
Fri Oct 04 21:54:43 IST 2019:
Shutting down instance 38990378-016d-9789-8a7f-000001c74bc0 on database directory memory:/Users/anurag/Work/management/testdb with class loader jdk.internal.loader.ClassLoaders$AppClassLoader@55054057 
----------------------------------------------------------------
Fri Oct 04 21:54:49 IST 2019:
Booting Derby version The Apache Software Foundation - Apache Derby - 10.14.2.0 - (1828579): instance fc1d8424-016d-9789-8a7f-000001c74bc0 
on database directory memory:/Users/anurag/Work/management/testdb with class loader jdk.internal.loader.ClassLoaders$AppClassLoader@55054057 
Loaded from file:/Users/anurag/.m2/repository/org/apache/derby/derby/10.14.2.0/derby-10.14.2.0.jar
java.vendor=Oracle Corporation
java.runtime.version=12.0.2+10
user.dir=/Users/anurag/Work/management
os.name=Mac OS X
os.arch=x86_64
os.version=10.14.6
derby.system.home=null
Database Class Loader started - derby.database.classpath=''
----------------------------------------------------------------
Fri Oct 04 21:55:08 IST 2019:
Shutting down instance fc1d8424-016d-9789-8a7f-000001c74bc0 on database directory memory:/Users/anurag/Work/management/testdb with class loader jdk.internal.loader.ClassLoaders$AppClassLoader@55054057 
----------------------------------------------------------------
Fri Oct 04 21:55:14 IST 2019:
Booting Derby version The Apache Software Foundation - Apache Derby - 10.14.2.0 - (1828579): instance dc8604d0-016d-9789-8a7f-000001c74bc0 
on database directory memory:/Users/anurag/Work/management/testdb with class loader jdk.internal.loader.ClassLoaders$AppClassLoader@55054057 
Loaded from file:/Users/anurag/.m2/repository/org/apache/derby/derby/10.14.2.0/derby-10.14.2.0.jar
java.vendor=Oracle Corporation
java.runtime.version=12.0.2+10
user.dir=/Users/anurag/Work/management
os.name=Mac OS X
os.arch=x86_64
os.version=10.14.6
derby.system.home=null
Database Class Loader started - derby.database.classpath=''
----------------------------------------------------------------
Fri Oct 04 21:55:45 IST 2019:
Shutting down instance dc8604d0-016d-9789-8a7f-000001c74bc0 on database directory memory:/Users/anurag/Work/management/testdb with class loader jdk.internal.loader.ClassLoaders$AppClassLoader@55054057 
----------------------------------------------------------------
Fri Oct 04 21:55:51 IST 2019:
Booting Derby version The Apache Software Foundation - Apache Derby - 10.14.2.0 - (1828579): instance d9d2857c-016d-9789-8a7f-000001c74bc0 
on database directory memory:/Users/anurag/Work/management/testdb with class loader jdk.internal.loader.ClassLoaders$AppClassLoader@55054057 
Loaded from file:/Users/anurag/.m2/repository/org/apache/derby/derby/10.14.2.0/derby-10.14.2.0.jar
java.vendor=Oracle Corporation
java.runtime.version=12.0.2+10
user.dir=/Users/anurag/Work/management
os.name=Mac OS X
os.arch=x86_64
os.version=10.14.6
derby.system.home=null
Database Class Loader started - derby.database.classpath=''
----------------------------------------------------------------
Fri Oct 04 21:55:59 IST 2019:
Shutting down instance d9d2857c-016d-9789-8a7f-000001c74bc0 on database directory memory:/Users/anurag/Work/management/testdb with class loader jdk.internal.loader.ClassLoaders$AppClassLoader@55054057 
----------------------------------------------------------------
Fri Oct 04 21:56:05 IST 2019:
Booting Derby version The Apache Software Foundation - Apache Derby - 10.14.2.0 - (1828579): instance f4030628-016d-9789-8a7f-000001c74bc0 
on database directory memory:/Users/anurag/Work/management/testdb with class loader jdk.internal.loader.ClassLoaders$AppClassLoader@55054057 
Loaded from file:/Users/anurag/.m2/repository/org/apache/derby/derby/10.14.2.0/derby-10.14.2.0.jar
java.vendor=Oracle Corporation
java.runtime.version=12.0.2+10
user.dir=/Users/anurag/Work/management
os.name=Mac OS X
os.arch=x86_64
os.version=10.14.6
derby.system.home=null
Database Class Loader started - derby.database.classpath=''
----------------------------------------------------------------
Fri Oct 04 21:56:56 IST 2019:
Shutting down instance f4030628-016d-9789-8a7f-000001c74bc0 on database directory memory:/Users/anurag/Work/management/testdb with class loader jdk.internal.loader.ClassLoaders$AppClassLoader@55054057 
----------------------------------------------------------------
Fri Oct 04 21:57:03 IST 2019:
Booting Derby version The Apache Software Foundation - Apache Derby - 10.14.2.0 - (1828579): instance 2b1786d4-016d-9789-8a7f-000001c74bc0 
on database directory memory:/Users/anurag/Work/management/testdb with class loader jdk.internal.loader.ClassLoaders$AppClassLoader@55054057 
Loaded from file:/Users/anurag/.m2/repository/org/apache/derby/derby/10.14.2.0/derby-10.14.2.0.jar
java.vendor=Oracle Corporation
java.runtime.version=12.0.2+10
user.dir=/Users/anurag/Work/management
os.name=Mac OS X
os.arch=x86_64
os.version=10.14.6
derby.system.home=null
Database Class Loader started - derby.database.classpath=''
----------------------------------------------------------------
Fri Oct 04 21:57:19 IST 2019:
Shutting down instance 2b1786d4-016d-9789-8a7f-000001c74bc0 on database directory memory:/Users/anurag/Work/management/testdb with class loader jdk.internal.loader.ClassLoaders$AppClassLoader@55054057 
----------------------------------------------------------------
Fri Oct 04 21:57:25 IST 2019:
Booting Derby version The Apache Software Foundation - Apache Derby - 10.14.2.0 - (1828579): instance 7f100780-016d-9789-8a7f-000001c74bc0 
on database directory memory:/Users/anurag/Work/management/testdb with class loader jdk.internal.loader.ClassLoaders$AppClassLoader@55054057 
Loaded from file:/Users/anurag/.m2/repository/org/apache/derby/derby/10.14.2.0/derby-10.14.2.0.jar
java.vendor=Oracle Corporation
java.runtime.version=12.0.2+10
user.dir=/Users/anurag/Work/management
os.name=Mac OS X
os.arch=x86_64
os.version=10.14.6
derby.system.home=null
Database Class Loader started - derby.database.classpath=''
----------------------------------------------------------------
Fri Oct 04 21:58:34 IST 2019:
Shutting down instance 7f100780-016d-9789-8a7f-000001c74bc0 on database directory memory:/Users/anurag/Work/management/testdb with class loader jdk.internal.loader.ClassLoaders$AppClassLoader@55054057 
----------------------------------------------------------------
Fri Oct 04 21:58:40 IST 2019:
Booting Derby version The Apache Software Foundation - Apache Derby - 10.14.2.0 - (1828579): instance efec882c-016d-9789-8a7f-000001c74bc0 
on database directory memory:/Users/anurag/Work/management/testdb with class loader jdk.internal.loader.ClassLoaders$AppClassLoader@55054057 
Loaded from file:/Users/anurag/.m2/repository/org/apache/derby/derby/10.14.2.0/derby-10.14.2.0.jar
java.vendor=Oracle Corporation
java.runtime.version=12.0.2+10
user.dir=/Users/anurag/Work/management
os.name=Mac OS X
os.arch=x86_64
os.version=10.14.6
derby.system.home=null
Database Class Loader started - derby.database.classpath=''
----------------------------------------------------------------
Fri Oct 04 21:59:43 IST 2019:
Shutting down instance efec882c-016d-9789-8a7f-000001c74bc0 on database directory memory:/Users/anurag/Work/management/testdb with class loader jdk.internal.loader.ClassLoaders$AppClassLoader@55054057 
----------------------------------------------------------------
Fri Oct 04 21:59:49 IST 2019:
Booting Derby version The Apache Software Foundation - Apache Derby - 10.14.2.0 - (1828579): instance 63d448e2-016d-9789-8a7f-000001c74bc0 
on database directory memory:/Users/anurag/Work/management/testdb with class loader jdk.internal.loader.ClassLoaders$AppClassLoader@55054057 
Loaded from file:/Users/anurag/.m2/repository/org/apache/derby/derby/10.14.2.0/derby-10.14.2.0.jar
java.vendor=Oracle Corporation
java.runtime.version=12.0.2+10
user.dir=/Users/anurag/Work/management
os.name=Mac OS X
os.arch=x86_64
os.version=10.14.6
derby.system.home=null
Database Class Loader started - derby.database.classpath=''
----------------------------------------------------------------
Fri Oct 04 22:03:10 IST 2019:
Shutting down instance 63d448e2-016d-9789-8a7f-000001c74bc0 on database directory memory:/Users/anurag/Work/management/testdb with class loader jdk.internal.loader.ClassLoaders$AppClassLoader@55054057 
----------------------------------------------------------------
Fri Oct 04 22:03:16 IST 2019:
Booting Derby version The Apache Software Foundation - Apache Derby - 10.14.2.0 - (1828579): instance 5daf4997-016d-9789-8a7f-000001c74bc0 
on database directory memory:/Users/anurag/Work/management/testdb with class loader jdk.internal.loader.ClassLoaders$AppClassLoader@55054057 
Loaded from file:/Users/anurag/.m2/repository/org/apache/derby/derby/10.14.2.0/derby-10.14.2.0.jar
java.vendor=Oracle Corporation
java.runtime.version=12.0.2+10
user.dir=/Users/anurag/Work/management
os.name=Mac OS X
os.arch=x86_64
os.version=10.14.6
derby.system.home=null
Database Class Loader started - derby.database.classpath=''
----------------------------------------------------------------
Fri Oct 04 22:05:19 IST 2019:
Shutting down instance 5daf4997-016d-9789-8a7f-000001c74bc0 on database directory memory:/Users/anurag/Work/management/testdb with class loader jdk.internal.loader.ClassLoaders$AppClassLoader@55054057 
----------------------------------------------------------------
Fri Oct 04 22:05:25 IST 2019:
Booting Derby version The Apache Software Foundation - Apache Derby - 10.14.2.0 - (1828579): instance c868ca43-016d-9789-8a7f-000001c74bc0 
on database directory memory:/Users/anurag/Work/management/testdb with class loader jdk.internal.loader.ClassLoaders$AppClassLoader@55054057 
Loaded from file:/Users/anurag/.m2/repository/org/apache/derby/derby/10.14.2.0/derby-10.14.2.0.jar
java.vendor=Oracle Corporation
java.runtime.version=12.0.2+10
user.dir=/Users/anurag/Work/management
os.name=Mac OS X
os.arch=x86_64
os.version=10.14.6
derby.system.home=null
Database Class Loader started - derby.database.classpath=''
----------------------------------------------------------------
Fri Oct 04 22:06:19 IST 2019:
Shutting down instance c868ca43-016d-9789-8a7f-000001c74bc0 on database directory memory:/Users/anurag/Work/management/testdb with class loader jdk.internal.loader.ClassLoaders$AppClassLoader@55054057 
----------------------------------------------------------------
Fri Oct 04 22:06:25 IST 2019:
Booting Derby version The Apache Software Foundation - Apache Derby - 10.14.2.0 - (1828579): instance 50064aef-016d-9789-8a7f-000001c74bc0 
on database directory memory:/Users/anurag/Work/management/testdb with class loader jdk.internal.loader.ClassLoaders$AppClassLoader@55054057 
Loaded from file:/Users/anurag/.m2/repository/org/apache/derby/derby/10.14.2.0/derby-10.14.2.0.jar
java.vendor=Oracle Corporation
java.runtime.version=12.0.2+10
user.dir=/Users/anurag/Work/management
os.name=Mac OS X
os.arch=x86_64
os.version=10.14.6
derby.system.home=null
Database Class Loader started - derby.database.classpath=''
----------------------------------------------------------------
Fri Oct 04 22:06:26 IST 2019:
Shutting down instance 50064aef-016d-9789-8a7f-000001c74bc0 on database directory memory:/Users/anurag/Work/management/testdb with class loader jdk.internal.loader.ClassLoaders$AppClassLoader@55054057 
----------------------------------------------------------------
Fri Oct 04 22:13:19 IST 2019:
Booting Derby version The Apache Software Foundation - Apache Derby - 10.14.2.0 - (1828579): instance f487cb9b-016d-9789-8a7f-000001c74bc0 
on database directory memory:/Users/anurag/Work/management/testdb with class loader jdk.internal.loader.ClassLoaders$AppClassLoader@55054057 
Loaded from file:/Users/anurag/.m2/repository/org/apache/derby/derby/10.14.2.0/derby-10.14.2.0.jar
java.vendor=Oracle Corporation
java.runtime.version=12.0.2+10
user.dir=/Users/anurag/Work/management
os.name=Mac OS X
os.arch=x86_64
os.version=10.14.6
derby.system.home=null
Database Class Loader started - derby.database.classpath=''
----------------------------------------------------------------
Fri Oct 04 22:13:20 IST 2019:
Shutting down instance f487cb9b-016d-9789-8a7f-000001c74bc0 on database directory memory:/Users/anurag/Work/management/testdb with class loader jdk.internal.loader.ClassLoaders$AppClassLoader@55054057 
----------------------------------------------------------------
Fri Oct 04 22:13:53 IST 2019:
Booting Derby version The Apache Software Foundation - Apache Derby - 10.14.2.0 - (1828579): instance b5ed4c47-016d-9789-8a7f-000001c74bc0 
on database directory memory:/Users/anurag/Work/management/testdb with class loader jdk.internal.loader.ClassLoaders$AppClassLoader@55054057 
Loaded from file:/Users/anurag/.m2/repository/org/apache/derby/derby/10.14.2.0/derby-10.14.2.0.jar
java.vendor=Oracle Corporation
java.runtime.version=12.0.2+10
user.dir=/Users/anurag/Work/management
os.name=Mac OS X
os.arch=x86_64
os.version=10.14.6
derby.system.home=null
Database Class Loader started - derby.database.classpath=''
----------------------------------------------------------------
Fri Oct 04 22:13:53 IST 2019:
Shutting down instance b5ed4c47-016d-9789-8a7f-000001c74bc0 on database directory memory:/Users/anurag/Work/management/testdb with class loader jdk.internal.loader.ClassLoaders$AppClassLoader@55054057 
----------------------------------------------------------------
Fri Oct 04 22:14:14 IST 2019:
Booting Derby version The Apache Software Foundation - Apache Derby - 10.14.2.0 - (1828579): instance 9436ccf3-016d-9789-8a7f-000001c74bc0 
on database directory memory:/Users/anurag/Work/management/testdb with class loader jdk.internal.loader.ClassLoaders$AppClassLoader@55054057 
Loaded from file:/Users/anurag/.m2/repository/org/apache/derby/derby/10.14.2.0/derby-10.14.2.0.jar
java.vendor=Oracle Corporation
java.runtime.version=12.0.2+10
user.dir=/Users/anurag/Work/management
os.name=Mac OS X
os.arch=x86_64
os.version=10.14.6
derby.system.home=null
Database Class Loader started - derby.database.classpath=''
----------------------------------------------------------------
Fri Oct 04 22:16:58 IST 2019:
Shutting down instance 9436ccf3-016d-9789-8a7f-000001c74bc0 on database directory memory:/Users/anurag/Work/management/testdb with class loader jdk.internal.loader.ClassLoaders$AppClassLoader@55054057 
